# JRE version: Java(TM) SE Runtime Environment (21.0.1+12) (build 21.0.1+12-LTS-29)
# Java VM: Java HotSpot(TM) 64-Bit Server VM (21.0.1+12-LTS-29, mixed mode, sharing, tiered, compressed oops, compressed class ptrs, g1 gc, windows-amd64)
GC Precious Log:
 CardTable entry size: 512
 Card Set container configuration: InlinePtr #cards 4 size 8 Array Of Cards #cards 16 size 48 Howl #buckets 8 coarsen threshold 3686 Howl Bitmap #cards 512 size 80 coarsen threshold 460 Card regions per heap region 1 cards per card region 4096
 CPUs: 12 total, 12 available
 Memory: 15720M
 Large Page Support: Disabled
 NUMA Support: Disabled
 Compressed Oops: Enabled (Zero based)
 Heap Region Size: 2M
 Heap Min Capacity: 8M
 Heap Initial Capacity: 246M
 Heap Max Capacity: 3932M
 Pre-touch: Disabled
 Parallel Workers: 10
 Concurrent Workers: 3
 Concurrent Refinement Workers: 10
 Periodic GC: Disabled
Heap:
 garbage-first heap   total 102400K, used 43113K [0x000000070a400000, 0x0000000800000000)
  region size 2048K, 4 young (8192K), 1 survivors (2048K)
 Metaspace       used 90066K, committed 90816K, reserved 1179648K
  class space    used 11794K, committed 12160K, reserved 1048576K
GC Heap History (20 events):
Event: 870.879 GC heap before
{Heap before GC invocations=67 (full 0):
 garbage-first heap   total 102400K, used 90387K [0x000000070a400000, 0x0000000800000000)
  region size 2048K, 26 young (53248K), 1 survivors (2048K)
 Metaspace       used 90055K, committed 90816K, reserved 1179648K
  class space    used 11794K, committed 12160K, reserved 1048576K
}
Event: 870.880 GC heap after
{Heap after GC invocations=68 (full 0):
 garbage-first heap   total 102400K, used 39188K [0x000000070a400000, 0x0000000800000000)
  region size 2048K, 1 young (2048K), 1 survivors (2048K)
 Metaspace       used 90055K, committed 90816K, reserved 1179648K
  class space    used 11794K, committed 12160K, reserved 1048576K
}
Event: 874.819 GC heap before
{Heap before GC invocations=68 (full 0):
 garbage-first heap   total 102400K, used 90388K [0x000000070a400000, 0x0000000800000000)
  region size 2048K, 26 young (53248K), 1 survivors (2048K)
 Metaspace       used 90059K, committed 90816K, reserved 1179648K
  class space    used 11794K, committed 12160K, reserved 1048576K
}
Event: 874.828 GC heap after
{Heap after GC invocations=69 (full 0):
 garbage-first heap   total 102400K, used 38908K [0x000000070a400000, 0x0000000800000000)
  region size 2048K, 1 young (2048K), 1 survivors (2048K)
 Metaspace       used 90059K, committed 90816K, reserved 1179648K
  class space    used 11794K, committed 12160K, reserved 1048576K
}
Event: 878.737 GC heap before
{Heap before GC invocations=69 (full 0):
 garbage-first heap   total 102400K, used 92156K [0x000000070a400000, 0x0000000800000000)
  region size 2048K, 27 young (55296K), 1 survivors (2048K)
 Metaspace       used 90061K, committed 90816K, reserved 1179648K
  class space    used 11794K, committed 12160K, reserved 1048576K
}
Event: 878.739 GC heap after
{Heap after GC invocations=70 (full 0):
 garbage-first heap   total 102400K, used 39031K [0x000000070a400000, 0x0000000800000000)
  region size 2048K, 1 young (2048K), 1 survivors (2048K)
 Metaspace       used 90061K, committed 90816K, reserved 1179648K
  class space    used 11794K, committed 12160K, reserved 1048576K
}
Event: 882.457 GC heap before
{Heap before GC invocations=71 (full 0):
 garbage-first heap   total 102400K, used 92279K [0x000000070a400000, 0x0000000800000000)
  region size 2048K, 27 young (55296K), 1 survivors (2048K)
 Metaspace       used 90063K, committed 90816K, reserved 1179648K
  class space    used 11794K, committed 12160K, reserved 1048576K
}
Event: 882.458 GC heap after
{Heap after GC invocations=72 (full 0):
 garbage-first heap   total 102400K, used 39011K [0x000000070a400000, 0x0000000800000000)
  region size 2048K, 1 young (2048K), 1 survivors (2048K)
 Metaspace       used 90063K, committed 90816K, reserved 1179648K
  class space    used 11794K, committed 12160K, reserved 1048576K
}
Event: 885.956 GC heap before
{Heap before GC invocations=72 (full 0):
 garbage-first heap   total 102400K, used 92259K [0x000000070a400000, 0x0000000800000000)
  region size 2048K, 27 young (55296K), 1 survivors (2048K)
 Metaspace       used 90064K, committed 90816K, reserved 1179648K
  class space    used 11794K, committed 12160K, reserved 1048576K
}
Event: 885.957 GC heap after
{Heap after GC invocations=73 (full 0):
 garbage-first heap   total 102400K, used 39038K [0x000000070a400000, 0x0000000800000000)
  region size 2048K, 1 young (2048K), 1 survivors (2048K)
 Metaspace       used 90064K, committed 90816K, reserved 1179648K
  class space    used 11794K, committed 12160K, reserved 1048576K
}
Event: 889.684 GC heap before
{Heap before GC invocations=74 (full 0):
 garbage-first heap   total 102400K, used 92286K [0x000000070a400000, 0x0000000800000000)
  region size 2048K, 27 young (55296K), 1 survivors (2048K)
 Metaspace       used 90064K, committed 90816K, reserved 1179648K
  class space    used 11794K, committed 12160K, reserved 1048576K
}
Event: 889.686 GC heap after
{Heap after GC invocations=75 (full 0):
 garbage-first heap   total 102400K, used 39023K [0x000000070a400000, 0x0000000800000000)
  region size 2048K, 1 young (2048K), 1 survivors (2048K)
 Metaspace       used 90064K, committed 90816K, reserved 1179648K
  class space    used 11794K, committed 12160K, reserved 1048576K
}
Event: 894.769 GC heap before
{Heap before GC invocations=75 (full 0):
 garbage-first heap   total 102400K, used 92271K [0x000000070a400000, 0x0000000800000000)
  region size 2048K, 27 young (55296K), 1 survivors (2048K)
 Metaspace       used 90066K, committed 90816K, reserved 1179648K
  class space    used 11794K, committed 12160K, reserved 1048576K
}
Event: 894.770 GC heap after
{Heap after GC invocations=76 (full 0):
 garbage-first heap   total 102400K, used 39041K [0x000000070a400000, 0x0000000800000000)
  region size 2048K, 1 young (2048K), 1 survivors (2048K)
 Metaspace       used 90066K, committed 90816K, reserved 1179648K
  class space    used 11794K, committed 12160K, reserved 1048576K
}
Event: 898.346 GC heap before
{Heap before GC invocations=77 (full 0):
 garbage-first heap   total 102400K, used 92289K [0x000000070a400000, 0x0000000800000000)
  region size 2048K, 27 young (55296K), 1 survivors (2048K)
 Metaspace       used 90066K, committed 90816K, reserved 1179648K
  class space    used 11794K, committed 12160K, reserved 1048576K
}
Event: 898.348 GC heap after
{Heap after GC invocations=78 (full 0):
 garbage-first heap   total 102400K, used 39003K [0x000000070a400000, 0x0000000800000000)
  region size 2048K, 1 young (2048K), 1 survivors (2048K)
 Metaspace       used 90066K, committed 90816K, reserved 1179648K
  class space    used 11794K, committed 12160K, reserved 1048576K
}
Event: 902.052 GC heap before
{Heap before GC invocations=78 (full 0):
 garbage-first heap   total 102400K, used 92251K [0x000000070a400000, 0x0000000800000000)
  region size 2048K, 27 young (55296K), 1 survivors (2048K)
 Metaspace       used 90066K, committed 90816K, reserved 1179648K
  class space    used 11794K, committed 12160K, reserved 1048576K
}
Event: 902.053 GC heap after
{Heap after GC invocations=79 (full 0):
 garbage-first heap   total 102400K, used 39043K [0x000000070a400000, 0x0000000800000000)
  region size 2048K, 1 young (2048K), 1 survivors (2048K)
 Metaspace       used 90066K, committed 90816K, reserved 1179648K
  class space    used 11794K, committed 12160K, reserved 1048576K
}
Event: 905.449 GC heap before
{Heap before GC invocations=80 (full 0):
 garbage-first heap   total 102400K, used 92291K [0x000000070a400000, 0x0000000800000000)
  region size 2048K, 27 young (55296K), 1 survivors (2048K)
 Metaspace       used 90066K, committed 90816K, reserved 1179648K
  class space    used 11794K, committed 12160K, reserved 1048576K
}
Event: 905.450 GC heap after
{Heap after GC invocations=81 (full 0):
 garbage-first heap   total 102400K, used 39017K [0x000000070a400000, 0x0000000800000000)
  region size 2048K, 1 young (2048K), 1 survivors (2048K)
 Metaspace       used 90066K, committed 90816K, reserved 1179648K
  class space    used 11794K, committed 12160K, reserved 1048576K
}

