# JRE version: OpenJDK Runtime Environment Temurin-17.0.10+7 (17.0.10+7) (build 17.0.10+7)
# Java VM: OpenJDK 64-Bit Server VM Temurin-17.0.10+7 (17.0.10+7, mixed mode, emulated-client, tiered, compressed oops, compressed class ptrs, g1 gc, windows-amd64)
GC Precious Log:
 CPUs: 12 total, 12 available
 Memory: 15720M
 Large Page Support: Disabled
 NUMA Support: Disabled
 Compressed Oops: Enabled (32-bit)
 Heap Region Size: 1M
 Heap Min Capacity: 8M
 Heap Initial Capacity: 246M
 Heap Max Capacity: 1G
 Pre-touch: Disabled
 Parallel Workers: 10
 Concurrent Workers: 3
 Concurrent Refinement Workers: 10
 Periodic GC: Disabled
Heap:
 garbage-first heap   total 102400K, used 36699K [0x00000000c0000000, 0x0000000100000000)
  region size 1024K, 1 young (1024K), 0 survivors (0K)
 Metaspace       used 59517K, committed 59968K, reserved 1114112K
  class space    used 7432K, committed 7680K, reserved 1048576K
GC Heap History (20 events):
Event: 9032.373 GC heap before
{Heap before GC invocations=884 (full 685):
 garbage-first heap   total 102400K, used 36699K [0x00000000c0000000, 0x0000000100000000)
  region size 1024K, 1 young (1024K), 0 survivors (0K)
 Metaspace       used 59517K, committed 59968K, reserved 1114112K
  class space    used 7432K, committed 7680K, reserved 1048576K
}
Event: 9032.426 GC heap after
{Heap after GC invocations=885 (full 686):
 garbage-first heap   total 102400K, used 36699K [0x00000000c0000000, 0x0000000100000000)
  region size 1024K, 0 young (0K), 0 survivors (0K)
 Metaspace       used 59517K, committed 59968K, reserved 1114112K
  class space    used 7432K, committed 7680K, reserved 1048576K
}
Event: 9042.562 GC heap before
{Heap before GC invocations=885 (full 686):
 garbage-first heap   total 102400K, used 36699K [0x00000000c0000000, 0x0000000100000000)
  region size 1024K, 1 young (1024K), 0 survivors (0K)
 Metaspace       used 59517K, committed 59968K, reserved 1114112K
  class space    used 7432K, committed 7680K, reserved 1048576K
}
Event: 9042.622 GC heap after
{Heap after GC invocations=886 (full 687):
 garbage-first heap   total 102400K, used 36699K [0x00000000c0000000, 0x0000000100000000)
  region size 1024K, 0 young (0K), 0 survivors (0K)
 Metaspace       used 59517K, committed 59968K, reserved 1114112K
  class space    used 7432K, committed 7680K, reserved 1048576K
}
Event: 9052.790 GC heap before
{Heap before GC invocations=886 (full 687):
 garbage-first heap   total 102400K, used 36699K [0x00000000c0000000, 0x0000000100000000)
  region size 1024K, 1 young (1024K), 0 survivors (0K)
 Metaspace       used 59517K, committed 59968K, reserved 1114112K
  class space    used 7432K, committed 7680K, reserved 1048576K
}
Event: 9052.855 GC heap after
{Heap after GC invocations=887 (full 688):
 garbage-first heap   total 102400K, used 36699K [0x00000000c0000000, 0x0000000100000000)
  region size 1024K, 0 young (0K), 0 survivors (0K)
 Metaspace       used 59517K, committed 59968K, reserved 1114112K
  class space    used 7432K, committed 7680K, reserved 1048576K
}
Event: 9063.096 GC heap before
{Heap before GC invocations=887 (full 688):
 garbage-first heap   total 102400K, used 36699K [0x00000000c0000000, 0x0000000100000000)
  region size 1024K, 1 young (1024K), 0 survivors (0K)
 Metaspace       used 59517K, committed 59968K, reserved 1114112K
  class space    used 7432K, committed 7680K, reserved 1048576K
}
Event: 9063.178 GC heap after
{Heap after GC invocations=888 (full 689):
 garbage-first heap   total 102400K, used 36699K [0x00000000c0000000, 0x0000000100000000)
  region size 1024K, 0 young (0K), 0 survivors (0K)
 Metaspace       used 59517K, committed 59968K, reserved 1114112K
  class space    used 7432K, committed 7680K, reserved 1048576K
}
Event: 9073.411 GC heap before
{Heap before GC invocations=888 (full 689):
 garbage-first heap   total 102400K, used 36699K [0x00000000c0000000, 0x0000000100000000)
  region size 1024K, 1 young (1024K), 0 survivors (0K)
 Metaspace       used 59517K, committed 59968K, reserved 1114112K
  class space    used 7432K, committed 7680K, reserved 1048576K
}
Event: 9073.496 GC heap after
{Heap after GC invocations=889 (full 690):
 garbage-first heap   total 102400K, used 36699K [0x00000000c0000000, 0x0000000100000000)
  region size 1024K, 0 young (0K), 0 survivors (0K)
 Metaspace       used 59517K, committed 59968K, reserved 1114112K
  class space    used 7432K, committed 7680K, reserved 1048576K
}
Event: 9083.644 GC heap before
{Heap before GC invocations=889 (full 690):
 garbage-first heap   total 102400K, used 36699K [0x00000000c0000000, 0x0000000100000000)
  region size 1024K, 1 young (1024K), 0 survivors (0K)
 Metaspace       used 59517K, committed 59968K, reserved 1114112K
  class space    used 7432K, committed 7680K, reserved 1048576K
}
Event: 9083.710 GC heap after
{Heap after GC invocations=890 (full 691):
 garbage-first heap   total 102400K, used 36699K [0x00000000c0000000, 0x0000000100000000)
  region size 1024K, 0 young (0K), 0 survivors (0K)
 Metaspace       used 59517K, committed 59968K, reserved 1114112K
  class space    used 7432K, committed 7680K, reserved 1048576K
}
Event: 9093.860 GC heap before
{Heap before GC invocations=890 (full 691):
 garbage-first heap   total 102400K, used 36699K [0x00000000c0000000, 0x0000000100000000)
  region size 1024K, 1 young (1024K), 0 survivors (0K)
 Metaspace       used 59517K, committed 59968K, reserved 1114112K
  class space    used 7432K, committed 7680K, reserved 1048576K
}
Event: 9093.917 GC heap after
{Heap after GC invocations=891 (full 692):
 garbage-first heap   total 102400K, used 36699K [0x00000000c0000000, 0x0000000100000000)
  region size 1024K, 0 young (0K), 0 survivors (0K)
 Metaspace       used 59517K, committed 59968K, reserved 1114112K
  class space    used 7432K, committed 7680K, reserved 1048576K
}
Event: 9104.060 GC heap before
{Heap before GC invocations=891 (full 692):
 garbage-first heap   total 102400K, used 36699K [0x00000000c0000000, 0x0000000100000000)
  region size 1024K, 1 young (1024K), 0 survivors (0K)
 Metaspace       used 59517K, committed 59968K, reserved 1114112K
  class space    used 7432K, committed 7680K, reserved 1048576K
}
Event: 9104.120 GC heap after
{Heap after GC invocations=892 (full 693):
 garbage-first heap   total 102400K, used 36699K [0x00000000c0000000, 0x0000000100000000)
  region size 1024K, 0 young (0K), 0 survivors (0K)
 Metaspace       used 59517K, committed 59968K, reserved 1114112K
  class space    used 7432K, committed 7680K, reserved 1048576K
}
Event: 9114.317 GC heap before
{Heap before GC invocations=892 (full 693):
 garbage-first heap   total 102400K, used 36699K [0x00000000c0000000, 0x0000000100000000)
  region size 1024K, 1 young (1024K), 0 survivors (0K)
 Metaspace       used 59517K, committed 59968K, reserved 1114112K
  class space    used 7432K, committed 7680K, reserved 1048576K
}
Event: 9114.379 GC heap after
{Heap after GC invocations=893 (full 694):
 garbage-first heap   total 102400K, used 36699K [0x00000000c0000000, 0x0000000100000000)
  region size 1024K, 0 young (0K), 0 survivors (0K)
 Metaspace       used 59517K, committed 59968K, reserved 1114112K
  class space    used 7432K, committed 7680K, reserved 1048576K
}
Event: 9124.526 GC heap before
{Heap before GC invocations=893 (full 694):
 garbage-first heap   total 102400K, used 36699K [0x00000000c0000000, 0x0000000100000000)
  region size 1024K, 1 young (1024K), 0 survivors (0K)
 Metaspace       used 59517K, committed 59968K, reserved 1114112K
  class space    used 7432K, committed 7680K, reserved 1048576K
}
Event: 9124.590 GC heap after
{Heap after GC invocations=894 (full 695):
 garbage-first heap   total 102400K, used 36699K [0x00000000c0000000, 0x0000000100000000)
  region size 1024K, 0 young (0K), 0 survivors (0K)
 Metaspace       used 59517K, committed 59968K, reserved 1114112K
  class space    used 7432K, committed 7680K, reserved 1048576K
}

